Determining if the pthread_create exist failed with the following output:
Change Dir: /home/arek/youbot/build/CMakeFiles/CMakeTmp

Run Build Command:"/usr/bin/make" "cmTC_1b839/fast"
/usr/bin/make -f CMakeFiles/cmTC_1b839.dir/build.make CMakeFiles/cmTC_1b839.dir/build
make[1]: Wejście do katalogu '/home/arek/youbot/build/CMakeFiles/CMakeTmp'
Building C object CMakeFiles/cmTC_1b839.dir/CheckSymbolExists.c.o
/usr/bin/cc     -o CMakeFiles/cmTC_1b839.dir/CheckSymbolExists.c.o   -c /home/arek/youbot/build/CMakeFiles/CMakeTmp/CheckSymbolExists.c
Linking C executable cmTC_1b839
/usr/bin/cmake -E cmake_link_script CMakeFiles/cmTC_1b839.dir/link.txt --verbose=1
/usr/bin/cc       CMakeFiles/cmTC_1b839.dir/CheckSymbolExists.c.o  -o cmTC_1b839 -rdynamic 
CMakeFiles/cmTC_1b839.dir/CheckSymbolExists.c.o: In function `main':
CheckSymbolExists.c:(.text+0x16): undefined reference to `pthread_create'
collect2: error: ld returned 1 exit status
CMakeFiles/cmTC_1b839.dir/build.make:97: polecenia dla obiektu 'cmTC_1b839' nie powiodły się
make[1]: *** [cmTC_1b839] Błąd 1
make[1]: Opuszczenie katalogu '/home/arek/youbot/build/CMakeFiles/CMakeTmp'
Makefile:126: polecenia dla obiektu 'cmTC_1b839/fast' nie powiodły się
make: *** [cmTC_1b839/fast] Błąd 2

File /home/arek/youbot/build/CMakeFiles/CMakeTmp/CheckSymbolExists.c:
/* */
#include <pthread.h>

int main(int argc, char** argv)
{
  (void)argv;
#ifndef pthread_create
  return ((int*)(&pthread_create))[argc];
#else
  (void)argc;
  return 0;
#endif
}

Determining if the function pthread_create exists in the pthreads failed with the following output:
Change Dir: /home/arek/youbot/build/CMakeFiles/CMakeTmp

Run Build Command:"/usr/bin/make" "cmTC_8662d/fast"
/usr/bin/make -f CMakeFiles/cmTC_8662d.dir/build.make CMakeFiles/cmTC_8662d.dir/build
make[1]: Wejście do katalogu '/home/arek/youbot/build/CMakeFiles/CMakeTmp'
Building C object CMakeFiles/cmTC_8662d.dir/CheckFunctionExists.c.o
/usr/bin/cc    -DCHECK_FUNCTION_EXISTS=pthread_create   -o CMakeFiles/cmTC_8662d.dir/CheckFunctionExists.c.o   -c /usr/share/cmake-3.5/Modules/CheckFunctionExists.c
Linking C executable cmTC_8662d
/usr/bin/cmake -E cmake_link_script CMakeFiles/cmTC_8662d.dir/link.txt --verbose=1
/usr/bin/cc   -DCHECK_FUNCTION_EXISTS=pthread_create    CMakeFiles/cmTC_8662d.dir/CheckFunctionExists.c.o  -o cmTC_8662d -rdynamic -lpthreads 
/usr/bin/ld: cannot find -lpthreads
collect2: error: ld returned 1 exit status
CMakeFiles/cmTC_8662d.dir/build.make:97: polecenia dla obiektu 'cmTC_8662d' nie powiodły się
make[1]: *** [cmTC_8662d] Błąd 1
make[1]: Opuszczenie katalogu '/home/arek/youbot/build/CMakeFiles/CMakeTmp'
Makefile:126: polecenia dla obiektu 'cmTC_8662d/fast' nie powiodły się
make: *** [cmTC_8662d/fast] Błąd 2


